<?xml version="1.0" encoding="UTF-8"?>
<!-- Generated by org.testng.reporters.JUnitReportReporter -->
<testsuite hostname="DESKTOP-DP86RFE" failures="0" tests="6" name="api.test.DDTests" time="6.749" errors="0" timestamp="2024-10-28T17:55:15 IST" skipped="0">
  <testcase classname="api.test.DDTests" name="testPostUser" time="1.161"/>
  <system-out/>
  <testcase classname="api.test.DDTests" name="testPostUser" time="1.160"/>
  <system-out/>
  <testcase classname="api.test.DDTests" name="testPostUser" time="1.082"/>
  <system-out/>
  <testcase classname="api.test.DDTests" name="testDeleteByUsername" time="1.098"/>
  <system-out/>
  <testcase classname="api.test.DDTests" name="testDeleteByUsername" time="1.137"/>
  <system-out/>
  <testcase classname="api.test.DDTests" name="testDeleteByUsername" time="1.111"/>
  <system-out/>
</testsuite> <!-- api.test.DDTests -->
