<?xml version="1.0" encoding="UTF-8"?>
<!-- Generated by org.testng.reporters.JUnitReportReporter -->
<testsuite hostname="DESKTOP-DP86RFE" failures="0" tests="4" name="api.test.UserTests2" time="6.660" errors="0" timestamp="2024-10-28T18:31:26 IST" skipped="0">
  <testcase classname="api.test.UserTests2" name="testPostuser" time="3.300"/>
  <system-out/>
  <testcase classname="api.test.UserTests2" name="testGetUser" time="1.145"/>
  <system-out/>
  <testcase classname="api.test.UserTests2" name="testUpdateUser" time="1.113"/>
  <system-out/>
  <testcase classname="api.test.UserTests2" name="testDeleteUser" time="1.102"/>
  <system-out/>
</testsuite> <!-- api.test.UserTests2 -->
