<?xml version="1.0" encoding="UTF-8"?>
<!-- Generated by org.testng.reporters.JUnitReportReporter -->
<testsuite hostname="DESKTOP-DP86RFE" failures="0" tests="4" name="api.test.UserTests" time="4.571" errors="0" timestamp="2024-10-29T11:06:39 IST" skipped="0">
  <testcase classname="api.test.UserTests" name="testPostuser" time="1.265"/>
  <system-out/>
  <testcase classname="api.test.UserTests" name="testGetUser" time="1.124"/>
  <system-out/>
  <testcase classname="api.test.UserTests" name="testUpdateUser" time="1.085"/>
  <system-out/>
  <testcase classname="api.test.UserTests" name="testDeleteUser" time="1.097"/>
  <system-out/>
</testsuite> <!-- api.test.UserTests -->
