<?xml version="1.0" encoding="UTF-8"?>
<!-- Generated by org.testng.reporters.JUnitReportReporter -->
<testsuite hostname="DESKTOP-DP86RFE" failures="0" tests="6" name="api.test.DDTests" time="9.517" errors="0" timestamp="2024-10-29T11:06:39 IST" skipped="0">
  <testcase classname="api.test.DDTests" name="testPostUser" time="1.160"/>
  <system-out/>
  <testcase classname="api.test.DDTests" name="testPostUser" time="3.751"/>
  <system-out/>
  <testcase classname="api.test.DDTests" name="testPostUser" time="1.124"/>
  <system-out/>
  <testcase classname="api.test.DDTests" name="testDeleteByUsername" time="1.198"/>
  <system-out/>
  <testcase classname="api.test.DDTests" name="testDeleteByUsername" time="1.163"/>
  <system-out/>
  <testcase classname="api.test.DDTests" name="testDeleteByUsername" time="1.121"/>
  <system-out/>
</testsuite> <!-- api.test.DDTests -->
